22:57:52:382  INFO 26404 --- [main] com.hmall.pay.PayApplication             : Starting PayApplication using Java 11.0.15.1 on DESKTOP-V78OUQH with PID 26404 (F:\projects\javaprojects\hmall\pay-service\target\classes started by binbin in F:\projects\javaprojects\hmall)
22:57:52:387 DEBUG 26404 --- [main] com.hmall.pay.PayApplication             : Running with Spring Boot v2.7.12, Spring v5.3.27
22:57:52:388  INFO 26404 --- [main] com.hmall.pay.PayApplication             : The following 1 profile is active: "dev"
22:57:53:469  INFO 26404 --- [main] .s.d.r.c.RepositoryConfigurationDelegate : Multiple Spring Data modules found, entering strict repository configuration mode
22:57:53:472  INFO 26404 --- [main] .s.d.r.c.RepositoryConfigurationDelegate : Bootstrapping Spring Data Redis repositories in DEFAULT mode.
22:57:53:488  INFO 26404 --- [main] .s.d.r.c.RepositoryConfigurationDelegate : Finished Spring Data repository scanning in 5 ms. Found 0 Redis repository interfaces.
22:57:53:710  INFO 26404 --- [main] o.s.cloud.context.scope.GenericScope     : BeanFactory id=27b3d1e5-e59a-3f41-9b29-8ceb49a64102
22:57:54:129  INFO 26404 --- [main] o.s.b.w.embedded.tomcat.TomcatWebServer  : Tomcat initialized with port(s): 8086 (http)
22:57:54:137  INFO 26404 --- [main] o.apache.catalina.core.StandardService   : Starting service [Tomcat]
22:57:54:138  INFO 26404 --- [main] org.apache.catalina.core.StandardEngine  : Starting Servlet engine: [Apache Tomcat/9.0.75]
22:57:54:373  INFO 26404 --- [main] o.a.c.c.C.[Tomcat].[localhost].[/]       : Initializing Spring embedded WebApplicationContext
22:57:54:374  INFO 26404 --- [main] w.s.c.ServletWebServerApplicationContext : Root WebApplicationContext: initialization completed in 1945 ms
22:57:54:935  INFO 26404 --- [main] o.s.c.openfeign.FeignClientFactoryBean   : For 'user-service' URL not provided. Will try picking an instance via load-balancing.
22:57:55:049  INFO 26404 --- [main] o.s.c.openfeign.FeignClientFactoryBean   : For 'trade-service' URL not provided. Will try picking an instance via load-balancing.
22:57:58:473  INFO 26404 --- [main] o.s.cloud.commons.util.InetUtils         : Cannot determine local hostname
22:57:58:532  INFO 26404 --- [main] pertySourcedRequestMappingHandlerMapping : Mapped URL path [/v2/api-docs] onto method [springfox.documentation.swagger2.web.Swagger2ControllerWebMvc#getDocumentation(String, HttpServletRequest)]
22:58:00:804  INFO 26404 --- [main] o.s.cloud.commons.util.InetUtils         : Cannot determine local hostname
22:58:01:694  INFO 26404 --- [main] com.alibaba.nacos.common.remote.client   : [RpcClientFactory] create a new rpc client of 25a9f06f-441d-4512-ab64-fdc3f5e59782
22:58:01:841  INFO 26404 --- [main] org.reflections.Reflections              : Reflections took 65 ms to scan 1 urls, producing 3 keys and 6 values 
22:58:01:909  INFO 26404 --- [main] org.reflections.Reflections              : Reflections took 11 ms to scan 1 urls, producing 4 keys and 9 values 
22:58:01:943  INFO 26404 --- [main] org.reflections.Reflections              : Reflections took 26 ms to scan 1 urls, producing 3 keys and 10 values 
22:58:01:947  WARN 26404 --- [main] org.reflections.Reflections              : given scan urls are empty. set urls in the configuration
22:58:01:957  INFO 26404 --- [main] org.reflections.Reflections              : Reflections took 9 ms to scan 1 urls, producing 1 keys and 5 values 
22:58:01:972  INFO 26404 --- [main] org.reflections.Reflections              : Reflections took 10 ms to scan 1 urls, producing 1 keys and 7 values 
22:58:01:989  INFO 26404 --- [main] org.reflections.Reflections              : Reflections took 10 ms to scan 1 urls, producing 2 keys and 8 values 
22:58:01:996  WARN 26404 --- [main] org.reflections.Reflections              : given scan urls are empty. set urls in the configuration
22:58:01:999  INFO 26404 --- [main] com.alibaba.nacos.common.remote.client   : [25a9f06f-441d-4512-ab64-fdc3f5e59782] RpcClient init label, labels = {module=naming, source=sdk}
22:58:02:002  INFO 26404 --- [main] com.alibaba.nacos.common.remote.client   : [25a9f06f-441d-4512-ab64-fdc3f5e59782] RpcClient init, ServerListFactory = com.alibaba.nacos.client.naming.core.ServerListManager
22:58:02:002  INFO 26404 --- [main] com.alibaba.nacos.common.remote.client   : [25a9f06f-441d-4512-ab64-fdc3f5e59782] Registry connection listener to current client:com.alibaba.nacos.client.naming.remote.gprc.redo.NamingGrpcRedoService
22:58:02:005  INFO 26404 --- [main] com.alibaba.nacos.common.remote.client   : [25a9f06f-441d-4512-ab64-fdc3f5e59782] Register server push request handler:com.alibaba.nacos.client.naming.remote.gprc.NamingPushRequestHandler
22:58:02:011  INFO 26404 --- [main] com.alibaba.nacos.common.remote.client   : [25a9f06f-441d-4512-ab64-fdc3f5e59782] Try to connect to server on start up, server: {serverIp = '192.168.150.101', server main port = 8848}
22:58:04:082  INFO 26404 --- [main] com.alibaba.nacos.common.remote.client   : [25a9f06f-441d-4512-ab64-fdc3f5e59782] Success to connect to server [192.168.150.101:8848] on start up, connectionId = 1749049083630_192.168.150.100_61286
22:58:04:083  INFO 26404 --- [com.alibaba.nacos.client.remote.worker] com.alibaba.nacos.common.remote.client   : [25a9f06f-441d-4512-ab64-fdc3f5e59782] Notify connected event to listeners.
22:58:04:084  INFO 26404 --- [main] com.alibaba.nacos.common.remote.client   : [25a9f06f-441d-4512-ab64-fdc3f5e59782] Register server push request handler:com.alibaba.nacos.common.remote.client.RpcClient$ConnectResetRequestHandler
22:58:04:085  INFO 26404 --- [main] com.alibaba.nacos.common.remote.client   : [25a9f06f-441d-4512-ab64-fdc3f5e59782] Register server push request handler:com.alibaba.nacos.common.remote.client.RpcClient$$Lambda$1118/0x000000080085f840
22:58:04:187  INFO 26404 --- [main] o.s.b.w.embedded.tomcat.TomcatWebServer  : Tomcat started on port(s): 8086 (http) with context path ''
22:58:04:214  INFO 26404 --- [main] c.a.c.n.registry.NacosServiceRegistry    : nacos registry, DEFAULT_GROUP pay-service 192.168.150.100:8086 register finished
22:58:04:744  INFO 26404 --- [nacos-grpc-client-executor-9] com.alibaba.nacos.common.remote.client   : [25a9f06f-441d-4512-ab64-fdc3f5e59782] Receive server push request, request = NotifySubscriberRequest, requestId = 1
22:58:04:760  INFO 26404 --- [nacos-grpc-client-executor-9] com.alibaba.nacos.common.remote.client   : [25a9f06f-441d-4512-ab64-fdc3f5e59782] Ack server push request, request = NotifySubscriberRequest, requestId = 1
22:58:05:510  INFO 26404 --- [main] o.s.cloud.commons.util.InetUtils         : Cannot determine local hostname
22:58:05:511  INFO 26404 --- [main] d.s.w.p.DocumentationPluginsBootstrapper : Documentation plugins bootstrapped
22:58:05:515  INFO 26404 --- [main] d.s.w.p.DocumentationPluginsBootstrapper : Found 1 custom documentation plugin(s)
22:58:05:543  INFO 26404 --- [main] s.d.s.w.s.ApiListingReferenceScanner     : Scanning for api listing references
22:58:05:688  INFO 26404 --- [main] com.hmall.pay.PayApplication             : Started PayApplication in 15.064 seconds (JVM running for 15.809)
23:12:03:495  WARN 26404 --- [Thread-7] c.a.n.common.http.HttpClientBeanHolder   : [HttpClientBeanHolder] Start destroying common HttpClient
23:12:03:495  WARN 26404 --- [Thread-4] c.a.nacos.common.notify.NotifyCenter     : [NotifyCenter] Start destroying Publisher
23:12:03:496  WARN 26404 --- [Thread-4] c.a.nacos.common.notify.NotifyCenter     : [NotifyCenter] Destruction of the end
23:12:03:496  WARN 26404 --- [Thread-7] c.a.n.common.http.HttpClientBeanHolder   : [HttpClientBeanHolder] Destruction of the end
23:12:03:800  INFO 26404 --- [SpringApplicationShutdownHook] c.a.c.n.registry.NacosServiceRegistry    : De-registering from Nacos Server now...
23:12:03:804  INFO 26404 --- [SpringApplicationShutdownHook] c.a.c.n.registry.NacosServiceRegistry    : De-registration finished.
23:12:04:121  INFO 26404 --- [SpringApplicationShutdownHook] com.alibaba.nacos.common.remote.client   : Shutdown rpc client, set status to shutdown
23:12:04:121  INFO 26404 --- [SpringApplicationShutdownHook] com.alibaba.nacos.common.remote.client   : Shutdown client event executor java.util.concurrent.ScheduledThreadPoolExecutor@4e289a48[Running, pool size = 2, active threads = 2, queued tasks = 0, completed tasks = 0]
23:12:04:121  INFO 26404 --- [SpringApplicationShutdownHook] com.alibaba.nacos.common.remote.client   : Close current connection 1749049083630_192.168.150.100_61286
23:12:04:131  INFO 26404 --- [nacos-grpc-client-executor-197] c.a.n.c.remote.client.grpc.GrpcClient    : [1749049083630_192.168.150.100_61286]Ignore complete event,isRunning:false,isAbandon=false
23:12:04:135  INFO 26404 --- [SpringApplicationShutdownHook] c.a.n.c.remote.client.grpc.GrpcClient    : Shutdown grpc executor java.util.concurrent.ThreadPoolExecutor@4561628c[Running, pool size = 5, active threads = 0, queued tasks = 0, completed tasks = 198]
