21:59:14:243  INFO 23724 --- [main] com.hmall.HMallApplication               : Starting HMallApplication using Java 11.0.15.1 on DESKTOP-V78OUQH with PID 23724 (F:\projects\javaprojects\hmall\hm-service\target\classes started by binbin in F:\projects\javaprojects\hmall)
21:59:14:246 DEBUG 23724 --- [main] com.hmall.HMallApplication               : Running with Spring Boot v2.7.12, Spring v5.3.27
21:59:14:246  INFO 23724 --- [main] com.hmall.HMallApplication               : The following 1 profile is active: "local"
21:59:15:623  INFO 23724 --- [main] .s.d.r.c.RepositoryConfigurationDelegate : Multiple Spring Data modules found, entering strict repository configuration mode
21:59:15:625  INFO 23724 --- [main] .s.d.r.c.RepositoryConfigurationDelegate : Bootstrapping Spring Data Redis repositories in DEFAULT mode.
21:59:15:656  INFO 23724 --- [main] .s.d.r.c.RepositoryConfigurationDelegate : Finished Spring Data repository scanning in 13 ms. Found 0 Redis repository interfaces.
21:59:16:157  INFO 23724 --- [main] o.s.b.w.embedded.tomcat.TomcatWebServer  : Tomcat initialized with port(s): 8080 (http)
21:59:16:164  INFO 23724 --- [main] o.apache.catalina.core.StandardService   : Starting service [Tomcat]
21:59:16:164  INFO 23724 --- [main] org.apache.catalina.core.StandardEngine  : Starting Servlet engine: [Apache Tomcat/9.0.75]
21:59:16:274  INFO 23724 --- [main] o.a.c.c.C.[Tomcat].[localhost].[/]       : Initializing Spring embedded WebApplicationContext
21:59:16:274  INFO 23724 --- [main] w.s.c.ServletWebServerApplicationContext : Root WebApplicationContext: initialization completed in 1997 ms
21:59:18:317  INFO 23724 --- [main] pertySourcedRequestMappingHandlerMapping : Mapped URL path [/v2/api-docs] onto method [springfox.documentation.swagger2.web.Swagger2ControllerWebMvc#getDocumentation(String, HttpServletRequest)]
21:59:18:721  INFO 23724 --- [main] o.s.b.w.embedded.tomcat.TomcatWebServer  : Tomcat started on port(s): 8080 (http) with context path ''
21:59:18:722  INFO 23724 --- [main] d.s.w.p.DocumentationPluginsBootstrapper : Documentation plugins bootstrapped
21:59:18:724  INFO 23724 --- [main] d.s.w.p.DocumentationPluginsBootstrapper : Found 1 custom documentation plugin(s)
21:59:18:758  INFO 23724 --- [main] s.d.s.w.s.ApiListingReferenceScanner     : Scanning for api listing references
21:59:18:906  INFO 23724 --- [main] com.hmall.HMallApplication               : Started HMallApplication in 4.987 seconds (JVM running for 5.668)
22:24:06:033  INFO 5944 --- [main] com.hmall.HMallApplication               : Starting HMallApplication using Java 11.0.15.1 on DESKTOP-V78OUQH with PID 5944 (F:\projects\javaprojects\hmall\hm-service\target\classes started by binbin in F:\projects\javaprojects\hmall)
22:24:06:036 DEBUG 5944 --- [main] com.hmall.HMallApplication               : Running with Spring Boot v2.7.12, Spring v5.3.27
22:24:06:036  INFO 5944 --- [main] com.hmall.HMallApplication               : The following 1 profile is active: "local"
22:24:06:829  INFO 5944 --- [main] .s.d.r.c.RepositoryConfigurationDelegate : Multiple Spring Data modules found, entering strict repository configuration mode
22:24:06:832  INFO 5944 --- [main] .s.d.r.c.RepositoryConfigurationDelegate : Bootstrapping Spring Data Redis repositories in DEFAULT mode.
22:24:06:868  INFO 5944 --- [main] .s.d.r.c.RepositoryConfigurationDelegate : Finished Spring Data repository scanning in 21 ms. Found 0 Redis repository interfaces.
22:24:07:583  INFO 5944 --- [main] o.s.b.w.embedded.tomcat.TomcatWebServer  : Tomcat initialized with port(s): 8080 (http)
22:24:07:599  INFO 5944 --- [main] o.apache.catalina.core.StandardService   : Starting service [Tomcat]
22:24:07:600  INFO 5944 --- [main] org.apache.catalina.core.StandardEngine  : Starting Servlet engine: [Apache Tomcat/9.0.75]
22:24:07:751  INFO 5944 --- [main] o.a.c.c.C.[Tomcat].[localhost].[/]       : Initializing Spring embedded WebApplicationContext
22:24:07:751  INFO 5944 --- [main] w.s.c.ServletWebServerApplicationContext : Root WebApplicationContext: initialization completed in 1680 ms
22:24:09:738  INFO 5944 --- [main] pertySourcedRequestMappingHandlerMapping : Mapped URL path [/v2/api-docs] onto method [springfox.documentation.swagger2.web.Swagger2ControllerWebMvc#getDocumentation(String, HttpServletRequest)]
22:24:10:198  INFO 5944 --- [main] o.s.b.w.embedded.tomcat.TomcatWebServer  : Tomcat started on port(s): 8080 (http) with context path ''
22:24:10:199  INFO 5944 --- [main] d.s.w.p.DocumentationPluginsBootstrapper : Documentation plugins bootstrapped
22:24:10:201  INFO 5944 --- [main] d.s.w.p.DocumentationPluginsBootstrapper : Found 1 custom documentation plugin(s)
22:24:10:232  INFO 5944 --- [main] s.d.s.w.s.ApiListingReferenceScanner     : Scanning for api listing references
22:24:10:473  INFO 5944 --- [main] com.hmall.HMallApplication               : Started HMallApplication in 4.798 seconds (JVM running for 5.419)
