22:58:10:575  INFO 3496 --- [main] com.hmall.cart.CartApplication           : The following 1 profile is active: "local"
22:58:11:904  INFO 3496 --- [main] .s.d.r.c.RepositoryConfigurationDelegate : Multiple Spring Data modules found, entering strict repository configuration mode
22:58:11:906  INFO 3496 --- [main] .s.d.r.c.RepositoryConfigurationDelegate : Bootstrapping Spring Data Redis repositories in DEFAULT mode.
22:58:11:920  INFO 3496 --- [main] .s.d.r.c.RepositoryConfigurationDelegate : Finished Spring Data repository scanning in 4 ms. Found 0 Redis repository interfaces.
22:58:12:083  INFO 3496 --- [main] o.s.cloud.context.scope.GenericScope     : BeanFactory id=3dcd935a-8d3a-3a5b-acc7-24122bde8412
22:58:14:719  INFO 3496 --- [main] o.s.b.w.embedded.tomcat.TomcatWebServer  : Tomcat initialized with port(s): 8082 (http)
22:58:14:812  INFO 3496 --- [main] o.apache.catalina.core.StandardService   : Starting service [Tomcat]
22:58:14:813  INFO 3496 --- [main] org.apache.catalina.core.StandardEngine  : Starting Servlet engine: [Apache Tomcat/9.0.75]
22:58:15:126  INFO 3496 --- [main] o.a.c.c.C.[Tomcat].[localhost].[/]       : Initializing Spring embedded WebApplicationContext
22:58:15:127  INFO 3496 --- [main] w.s.c.ServletWebServerApplicationContext : Root WebApplicationContext: initialization completed in 4392 ms
22:58:15:291  INFO 3496 --- [main] o.s.c.openfeign.FeignClientFactoryBean   : For 'item-service' URL not provided. Will try picking an instance via load-balancing.
22:58:18:929  INFO 3496 --- [main] o.s.cloud.commons.util.InetUtils         : Cannot determine local hostname
22:58:18:957  INFO 3496 --- [main] pertySourcedRequestMappingHandlerMapping : Mapped URL path [/v2/api-docs] onto method [springfox.documentation.swagger2.web.Swagger2ControllerWebMvc#getDocumentation(String, HttpServletRequest)]
22:58:20:368  INFO 3496 --- [main] o.s.cloud.commons.util.InetUtils         : Cannot determine local hostname
22:58:20:458  INFO 3496 --- [main] com.alibaba.nacos.common.remote.client   : [RpcClientFactory] create a new rpc client of c7767c86-ac91-42fd-b2e9-b384bdfc90ad
22:58:20:458  INFO 3496 --- [main] com.alibaba.nacos.common.remote.client   : [c7767c86-ac91-42fd-b2e9-b384bdfc90ad] RpcClient init label, labels = {module=naming, source=sdk}
22:58:20:459  INFO 3496 --- [main] com.alibaba.nacos.common.remote.client   : [c7767c86-ac91-42fd-b2e9-b384bdfc90ad] RpcClient init, ServerListFactory = com.alibaba.nacos.client.naming.core.ServerListManager
22:58:20:460  INFO 3496 --- [main] com.alibaba.nacos.common.remote.client   : [c7767c86-ac91-42fd-b2e9-b384bdfc90ad] Registry connection listener to current client:com.alibaba.nacos.client.naming.remote.gprc.redo.NamingGrpcRedoService
22:58:20:460  INFO 3496 --- [main] com.alibaba.nacos.common.remote.client   : [c7767c86-ac91-42fd-b2e9-b384bdfc90ad] Register server push request handler:com.alibaba.nacos.client.naming.remote.gprc.NamingPushRequestHandler
22:58:20:460  INFO 3496 --- [main] com.alibaba.nacos.common.remote.client   : [c7767c86-ac91-42fd-b2e9-b384bdfc90ad] Try to connect to server on start up, server: {serverIp = '192.168.150.101', server main port = 8848}
22:58:20:595  INFO 3496 --- [main] com.alibaba.nacos.common.remote.client   : [c7767c86-ac91-42fd-b2e9-b384bdfc90ad] Success to connect to server [192.168.150.101:8848] on start up, connectionId = 1749049100264_192.168.150.100_61469
22:58:20:595  INFO 3496 --- [main] com.alibaba.nacos.common.remote.client   : [c7767c86-ac91-42fd-b2e9-b384bdfc90ad] Register server push request handler:com.alibaba.nacos.common.remote.client.RpcClient$ConnectResetRequestHandler
22:58:20:595  INFO 3496 --- [main] com.alibaba.nacos.common.remote.client   : [c7767c86-ac91-42fd-b2e9-b384bdfc90ad] Register server push request handler:com.alibaba.nacos.common.remote.client.RpcClient$$Lambda$473/0x0000000800413040
22:58:20:595  INFO 3496 --- [com.alibaba.nacos.client.remote.worker] com.alibaba.nacos.common.remote.client   : [c7767c86-ac91-42fd-b2e9-b384bdfc90ad] Notify connected event to listeners.
22:58:20:657  INFO 3496 --- [main] o.s.b.w.embedded.tomcat.TomcatWebServer  : Tomcat started on port(s): 8082 (http) with context path ''
22:58:20:668  INFO 3496 --- [main] c.a.c.n.registry.NacosServiceRegistry    : nacos registry, DEFAULT_GROUP cart-service 192.168.150.100:8082 register finished
22:58:21:217  INFO 3496 --- [nacos-grpc-client-executor-10] com.alibaba.nacos.common.remote.client   : [c7767c86-ac91-42fd-b2e9-b384bdfc90ad] Receive server push request, request = NotifySubscriberRequest, requestId = 5
22:58:21:230  INFO 3496 --- [nacos-grpc-client-executor-10] com.alibaba.nacos.common.remote.client   : [c7767c86-ac91-42fd-b2e9-b384bdfc90ad] Ack server push request, request = NotifySubscriberRequest, requestId = 5
22:58:21:943  INFO 3496 --- [main] o.s.cloud.commons.util.InetUtils         : Cannot determine local hostname
22:58:21:944  INFO 3496 --- [main] d.s.w.p.DocumentationPluginsBootstrapper : Documentation plugins bootstrapped
22:58:21:947  INFO 3496 --- [main] d.s.w.p.DocumentationPluginsBootstrapper : Found 1 custom documentation plugin(s)
22:58:21:968  INFO 3496 --- [main] s.d.s.w.s.ApiListingReferenceScanner     : Scanning for api listing references
22:58:22:039  INFO 3496 --- [main] com.hmall.cart.CartApplication           : Started CartApplication in 16.047 seconds (JVM running for 16.889)
22:58:22:044  INFO 3496 --- [main] c.a.c.n.refresh.NacosContextRefresher    : [Nacos Config] Listening config: dataId=cart-service, group=DEFAULT_GROUP
22:58:22:056  INFO 3496 --- [main] c.a.c.n.refresh.NacosContextRefresher    : [Nacos Config] Listening config: dataId=cart-service.yaml, group=DEFAULT_GROUP
22:58:22:056  INFO 3496 --- [main] c.a.c.n.refresh.NacosContextRefresher    : [Nacos Config] Listening config: dataId=cart-service-local.yaml, group=DEFAULT_GROUP
23:12:03:482  WARN 3496 --- [Thread-1] c.a.n.common.http.HttpClientBeanHolder   : [HttpClientBeanHolder] Start destroying common HttpClient
23:12:03:482  WARN 3496 --- [Thread-5] c.a.nacos.common.notify.NotifyCenter     : [NotifyCenter] Start destroying Publisher
23:12:03:482  WARN 3496 --- [Thread-5] c.a.nacos.common.notify.NotifyCenter     : [NotifyCenter] Destruction of the end
23:12:03:483  WARN 3496 --- [Thread-1] c.a.n.common.http.HttpClientBeanHolder   : [HttpClientBeanHolder] Destruction of the end
23:12:03:798  INFO 3496 --- [SpringApplicationShutdownHook] c.a.c.n.registry.NacosServiceRegistry    : De-registering from Nacos Server now...
23:12:03:802  INFO 3496 --- [SpringApplicationShutdownHook] c.a.c.n.registry.NacosServiceRegistry    : De-registration finished.
23:12:04:118  INFO 3496 --- [SpringApplicationShutdownHook] com.alibaba.nacos.common.remote.client   : Shutdown rpc client, set status to shutdown
23:12:04:119  INFO 3496 --- [SpringApplicationShutdownHook] com.alibaba.nacos.common.remote.client   : Shutdown client event executor java.util.concurrent.ScheduledThreadPoolExecutor@3ac322cb[Running, pool size = 2, active threads = 2, queued tasks = 0, completed tasks = 0]
23:12:04:121  INFO 3496 --- [SpringApplicationShutdownHook] com.alibaba.nacos.common.remote.client   : Close current connection 1749049100264_192.168.150.100_61469
23:12:04:127  INFO 3496 --- [nacos-grpc-client-executor-186] c.a.n.c.remote.client.grpc.GrpcClient    : [1749049100264_192.168.150.100_61469]Ignore complete event,isRunning:false,isAbandon=false
23:12:04:133  INFO 3496 --- [SpringApplicationShutdownHook] c.a.n.c.remote.client.grpc.GrpcClient    : Shutdown grpc executor java.util.concurrent.ThreadPoolExecutor@ace40a8[Running, pool size = 5, active threads = 0, queued tasks = 0, completed tasks = 187]
