22:58:08:400  INFO 24304 --- [main] com.hmall.gateway.GatewayApplication     : No active profile set, falling back to 1 default profile: "default"
22:58:10:532  INFO 24304 --- [main] o.s.cloud.context.scope.GenericScope     : BeanFactory id=ab7eba3b-bca4-35ba-8e37-4bef2229baa0
22:58:10:570  INFO 24304 --- [main] trationDelegate$BeanPostProcessorChecker : Bean 'org.springframework.cloud.client.loadbalancer.reactive.LoadBalancerBeanPostProcessorAutoConfiguration' of type [org.springframework.cloud.client.loadbalancer.reactive.LoadBalancerBeanPostProcessorAutoConfiguration] is not eligible for getting processed by all BeanPostProcessors (for example: not eligible for auto-proxying)
22:58:10:571  INFO 24304 --- [main] trationDelegate$BeanPostProcessorChecker : Bean 'org.springframework.cloud.client.loadbalancer.reactive.LoadBalancerBeanPostProcessorAutoConfiguration$ReactorDeferringLoadBalancerFilterConfig' of type [org.springframework.cloud.client.loadbalancer.reactive.LoadBalancerBeanPostProcessorAutoConfiguration$ReactorDeferringLoadBalancerFilterConfig] is not eligible for getting processed by all BeanPostProcessors (for example: not eligible for auto-proxying)
22:58:10:576  INFO 24304 --- [main] trationDelegate$BeanPostProcessorChecker : Bean 'reactorDeferringLoadBalancerExchangeFilterFunction' of type [org.springframework.cloud.client.loadbalancer.reactive.DeferringLoadBalancerExchangeFilterFunction] is not eligible for getting processed by all BeanPostProcessors (for example: not eligible for auto-proxying)
22:58:13:450 DEBUG 24304 --- [main] c.h.gateway.route.DynamicRouteLoader     : 监听到路由配置变更，[
    {
        "id": "item",
        "predicates": [{
            "name": "Path",
            "args": {"_genkey_0":"/items/**", "_genkey_1":"/search/**"}
        }],
        "filters": [],
        "uri": "lb://item-service"
    },
    {
        "id": "cart",
        "predicates": [{
            "name": "Path",
            "args": {"_genkey_0":"/carts/**"}
        }],
        "filters": [],
        "uri": "lb://cart-service"
    },
    {
        "id": "user",
        "predicates": [{
            "name": "Path",
            "args": {"_genkey_0":"/users/**", "_genkey_1":"/addresses/**"}
        }],
        "filters": [],
        "uri": "lb://user-service"
    },
    {
        "id": "trade",
        "predicates": [{
            "name": "Path",
            "args": {"_genkey_0":"/orders/**"}
        }],
        "filters": [],
        "uri": "lb://trade-service"
    },
    {
        "id": "pay",
        "predicates": [{
            "name": "Path",
            "args": {"_genkey_0":"/pay-orders/**"}
        }],
        "filters": [],
        "uri": "lb://pay-service"
    }
]
22:58:16:199  INFO 24304 --- [main] o.s.cloud.commons.util.InetUtils         : Cannot determine local hostname
22:58:17:404  INFO 24304 --- [main] o.s.cloud.commons.util.InetUtils         : Cannot determine local hostname
22:58:19:069  INFO 24304 --- [main] o.s.c.g.r.RouteDefinitionRouteLocator    : Loaded RoutePredicateFactory [After]
22:58:19:069  INFO 24304 --- [main] o.s.c.g.r.RouteDefinitionRouteLocator    : Loaded RoutePredicateFactory [Before]
22:58:19:069  INFO 24304 --- [main] o.s.c.g.r.RouteDefinitionRouteLocator    : Loaded RoutePredicateFactory [Between]
22:58:19:069  INFO 24304 --- [main] o.s.c.g.r.RouteDefinitionRouteLocator    : Loaded RoutePredicateFactory [Cookie]
22:58:19:069  INFO 24304 --- [main] o.s.c.g.r.RouteDefinitionRouteLocator    : Loaded RoutePredicateFactory [Header]
22:58:19:069  INFO 24304 --- [main] o.s.c.g.r.RouteDefinitionRouteLocator    : Loaded RoutePredicateFactory [Host]
22:58:19:069  INFO 24304 --- [main] o.s.c.g.r.RouteDefinitionRouteLocator    : Loaded RoutePredicateFactory [Method]
22:58:19:069  INFO 24304 --- [main] o.s.c.g.r.RouteDefinitionRouteLocator    : Loaded RoutePredicateFactory [Path]
22:58:19:069  INFO 24304 --- [main] o.s.c.g.r.RouteDefinitionRouteLocator    : Loaded RoutePredicateFactory [Query]
22:58:19:069  INFO 24304 --- [main] o.s.c.g.r.RouteDefinitionRouteLocator    : Loaded RoutePredicateFactory [ReadBody]
22:58:19:069  INFO 24304 --- [main] o.s.c.g.r.RouteDefinitionRouteLocator    : Loaded RoutePredicateFactory [RemoteAddr]
22:58:19:069  INFO 24304 --- [main] o.s.c.g.r.RouteDefinitionRouteLocator    : Loaded RoutePredicateFactory [XForwardedRemoteAddr]
22:58:19:069  INFO 24304 --- [main] o.s.c.g.r.RouteDefinitionRouteLocator    : Loaded RoutePredicateFactory [Weight]
22:58:19:069  INFO 24304 --- [main] o.s.c.g.r.RouteDefinitionRouteLocator    : Loaded RoutePredicateFactory [CloudFoundryRouteService]
22:58:20:676  INFO 24304 --- [main] o.s.cloud.commons.util.InetUtils         : Cannot determine local hostname
22:58:20:901  INFO 24304 --- [main] com.alibaba.nacos.common.remote.client   : [RpcClientFactory] create a new rpc client of 6ad03806-2c32-43ce-912a-795239535d48
22:58:20:901  INFO 24304 --- [main] com.alibaba.nacos.common.remote.client   : [6ad03806-2c32-43ce-912a-795239535d48] RpcClient init label, labels = {module=naming, source=sdk}
22:58:20:902  INFO 24304 --- [main] com.alibaba.nacos.common.remote.client   : [6ad03806-2c32-43ce-912a-795239535d48] RpcClient init, ServerListFactory = com.alibaba.nacos.client.naming.core.ServerListManager
22:58:20:902  INFO 24304 --- [main] com.alibaba.nacos.common.remote.client   : [6ad03806-2c32-43ce-912a-795239535d48] Registry connection listener to current client:com.alibaba.nacos.client.naming.remote.gprc.redo.NamingGrpcRedoService
22:58:20:902  INFO 24304 --- [main] com.alibaba.nacos.common.remote.client   : [6ad03806-2c32-43ce-912a-795239535d48] Register server push request handler:com.alibaba.nacos.client.naming.remote.gprc.NamingPushRequestHandler
22:58:20:903  INFO 24304 --- [main] com.alibaba.nacos.common.remote.client   : [6ad03806-2c32-43ce-912a-795239535d48] Try to connect to server on start up, server: {serverIp = '192.168.150.101', server main port = 8848}
22:58:21:027  INFO 24304 --- [main] com.alibaba.nacos.common.remote.client   : [6ad03806-2c32-43ce-912a-795239535d48] Success to connect to server [192.168.150.101:8848] on start up, connectionId = 1749049100706_192.168.150.100_61472
22:58:21:027  INFO 24304 --- [main] com.alibaba.nacos.common.remote.client   : [6ad03806-2c32-43ce-912a-795239535d48] Register server push request handler:com.alibaba.nacos.common.remote.client.RpcClient$ConnectResetRequestHandler
22:58:21:027  INFO 24304 --- [main] com.alibaba.nacos.common.remote.client   : [6ad03806-2c32-43ce-912a-795239535d48] Register server push request handler:com.alibaba.nacos.common.remote.client.RpcClient$$Lambda$462/0x0000000800435840
22:58:21:027  INFO 24304 --- [com.alibaba.nacos.client.remote.worker] com.alibaba.nacos.common.remote.client   : [6ad03806-2c32-43ce-912a-795239535d48] Notify connected event to listeners.
22:58:21:655  INFO 24304 --- [nacos-grpc-client-executor-5] com.alibaba.nacos.common.remote.client   : [6ad03806-2c32-43ce-912a-795239535d48] Receive server push request, request = NotifySubscriberRequest, requestId = 6
22:58:21:663  INFO 24304 --- [nacos-grpc-client-executor-5] com.alibaba.nacos.common.remote.client   : [6ad03806-2c32-43ce-912a-795239535d48] Ack server push request, request = NotifySubscriberRequest, requestId = 6
22:58:21:765  INFO 24304 --- [main] o.s.b.web.embedded.netty.NettyWebServer  : Netty started on port 8080
22:58:22:990  INFO 24304 --- [main] o.s.cloud.commons.util.InetUtils         : Cannot determine local hostname
22:58:24:188  INFO 24304 --- [main] o.s.cloud.commons.util.InetUtils         : Cannot determine local hostname
22:58:24:196  INFO 24304 --- [main] c.a.c.n.registry.NacosServiceRegistry    : nacos registry, DEFAULT_GROUP gateway 192.168.150.100:8080 register finished
22:58:24:209  INFO 24304 --- [main] com.hmall.gateway.GatewayApplication     : Started GatewayApplication in 21.255 seconds (JVM running for 22.345)
22:58:24:211  INFO 24304 --- [main] c.a.c.n.refresh.NacosContextRefresher    : [Nacos Config] Listening config: dataId=gateway.yaml, group=DEFAULT_GROUP
22:58:24:212  INFO 24304 --- [main] c.a.c.n.refresh.NacosContextRefresher    : [Nacos Config] Listening config: dataId=gateway, group=DEFAULT_GROUP
22:58:24:772  INFO 24304 --- [nacos-grpc-client-executor-10] com.alibaba.nacos.common.remote.client   : [6ad03806-2c32-43ce-912a-795239535d48] Receive server push request, request = NotifySubscriberRequest, requestId = 7
22:58:24:784  INFO 24304 --- [nacos-grpc-client-executor-10] com.alibaba.nacos.common.remote.client   : [6ad03806-2c32-43ce-912a-795239535d48] Ack server push request, request = NotifySubscriberRequest, requestId = 7
22:59:00:542  INFO 24304 --- [nacos-grpc-client-executor-21] com.alibaba.nacos.common.remote.client   : [6ad03806-2c32-43ce-912a-795239535d48] Receive server push request, request = NotifySubscriberRequest, requestId = 8
22:59:00:542  INFO 24304 --- [nacos-grpc-client-executor-21] com.alibaba.nacos.common.remote.client   : [6ad03806-2c32-43ce-912a-795239535d48] Ack server push request, request = NotifySubscriberRequest, requestId = 8
23:11:10:035  INFO 24304 --- [nacos-grpc-client-executor-174] com.alibaba.nacos.common.remote.client   : [6ad03806-2c32-43ce-912a-795239535d48] Receive server push request, request = NotifySubscriberRequest, requestId = 9
23:11:10:047  INFO 24304 --- [nacos-grpc-client-executor-174] com.alibaba.nacos.common.remote.client   : [6ad03806-2c32-43ce-912a-795239535d48] Ack server push request, request = NotifySubscriberRequest, requestId = 9
23:11:30:424  INFO 24304 --- [nacos-grpc-client-executor-181] com.alibaba.nacos.common.remote.client   : [6ad03806-2c32-43ce-912a-795239535d48] Receive server push request, request = NotifySubscriberRequest, requestId = 10
23:11:30:435  INFO 24304 --- [nacos-grpc-client-executor-181] com.alibaba.nacos.common.remote.client   : [6ad03806-2c32-43ce-912a-795239535d48] Ack server push request, request = NotifySubscriberRequest, requestId = 10
23:12:03:482  WARN 24304 --- [Thread-5] c.a.nacos.common.notify.NotifyCenter     : [NotifyCenter] Start destroying Publisher
23:12:03:482  WARN 24304 --- [Thread-1] c.a.n.common.http.HttpClientBeanHolder   : [HttpClientBeanHolder] Start destroying common HttpClient
23:12:03:482  WARN 24304 --- [Thread-5] c.a.nacos.common.notify.NotifyCenter     : [NotifyCenter] Destruction of the end
23:12:03:483  WARN 24304 --- [Thread-1] c.a.n.common.http.HttpClientBeanHolder   : [HttpClientBeanHolder] Destruction of the end
23:12:03:512  INFO 24304 --- [SpringApplicationShutdownHook] c.a.c.n.registry.NacosServiceRegistry    : De-registering from Nacos Server now...
23:12:03:516  INFO 24304 --- [SpringApplicationShutdownHook] c.a.c.n.registry.NacosServiceRegistry    : De-registration finished.
23:12:03:826  INFO 24304 --- [SpringApplicationShutdownHook] com.alibaba.nacos.common.remote.client   : Shutdown rpc client, set status to shutdown
23:12:03:826  INFO 24304 --- [SpringApplicationShutdownHook] com.alibaba.nacos.common.remote.client   : Shutdown client event executor java.util.concurrent.ScheduledThreadPoolExecutor@7e54c5f7[Running, pool size = 2, active threads = 2, queued tasks = 0, completed tasks = 0]
23:12:03:826  INFO 24304 --- [SpringApplicationShutdownHook] com.alibaba.nacos.common.remote.client   : Close current connection 1749049100706_192.168.150.100_61472
23:12:03:836  INFO 24304 --- [nacos-grpc-client-executor-190] c.a.n.c.remote.client.grpc.GrpcClient    : [1749049100706_192.168.150.100_61472]Ignore complete event,isRunning:false,isAbandon=false
23:12:03:850  INFO 24304 --- [SpringApplicationShutdownHook] c.a.n.c.remote.client.grpc.GrpcClient    : Shutdown grpc executor java.util.concurrent.ThreadPoolExecutor@592db140[Running, pool size = 5, active threads = 0, queued tasks = 0, completed tasks = 191]
