22:57:54:463  INFO 24396 --- [main] com.hmall.trade.tradeApplication         : Starting tradeApplication using Java 11.0.15.1 on DESKTOP-V78OUQH with PID 24396 (F:\projects\javaprojects\hmall\trade-service\target\classes started by binbin in F:\projects\javaprojects\hmall)
22:57:54:469 DEBUG 24396 --- [main] com.hmall.trade.tradeApplication         : Running with Spring Boot v2.7.12, Spring v5.3.27
22:57:54:470  INFO 24396 --- [main] com.hmall.trade.tradeApplication         : The following 1 profile is active: "local"
22:57:55:801  INFO 24396 --- [main] .s.d.r.c.RepositoryConfigurationDelegate : Multiple Spring Data modules found, entering strict repository configuration mode
22:57:55:803  INFO 24396 --- [main] .s.d.r.c.RepositoryConfigurationDelegate : Bootstrapping Spring Data Redis repositories in DEFAULT mode.
22:57:55:835  INFO 24396 --- [main] .s.d.r.c.RepositoryConfigurationDelegate : Finished Spring Data repository scanning in 9 ms. Found 0 Redis repository interfaces.
22:57:56:124  INFO 24396 --- [main] o.s.cloud.context.scope.GenericScope     : BeanFactory id=4664705c-ef26-3b17-94db-df1beeb52e34
22:57:56:541  INFO 24396 --- [main] o.s.b.w.embedded.tomcat.TomcatWebServer  : Tomcat initialized with port(s): 8085 (http)
22:57:56:551  INFO 24396 --- [main] o.apache.catalina.core.StandardService   : Starting service [Tomcat]
22:57:56:551  INFO 24396 --- [main] org.apache.catalina.core.StandardEngine  : Starting Servlet engine: [Apache Tomcat/9.0.75]
22:57:56:762  INFO 24396 --- [main] o.a.c.c.C.[Tomcat].[localhost].[/]       : Initializing Spring embedded WebApplicationContext
22:57:56:763  INFO 24396 --- [main] w.s.c.ServletWebServerApplicationContext : Root WebApplicationContext: initialization completed in 2233 ms
22:57:57:128  INFO 24396 --- [main] o.s.c.openfeign.FeignClientFactoryBean   : For 'item-service' URL not provided. Will try picking an instance via load-balancing.
22:57:57:183  INFO 24396 --- [main] o.s.c.openfeign.FeignClientFactoryBean   : For 'cart-service' URL not provided. Will try picking an instance via load-balancing.
22:57:59:791  INFO 24396 --- [main] o.s.cloud.commons.util.InetUtils         : Cannot determine local hostname
22:57:59:820  INFO 24396 --- [main] pertySourcedRequestMappingHandlerMapping : Mapped URL path [/v2/api-docs] onto method [springfox.documentation.swagger2.web.Swagger2ControllerWebMvc#getDocumentation(String, HttpServletRequest)]
22:58:01:341  INFO 24396 --- [main] o.s.cloud.commons.util.InetUtils         : Cannot determine local hostname
22:58:01:694  INFO 24396 --- [main] com.alibaba.nacos.common.remote.client   : [RpcClientFactory] create a new rpc client of 1a4ea795-f2fb-4575-9b1c-01291c3e996d
22:58:01:841  INFO 24396 --- [main] org.reflections.Reflections              : Reflections took 69 ms to scan 1 urls, producing 3 keys and 6 values 
22:58:01:924  INFO 24396 --- [main] org.reflections.Reflections              : Reflections took 24 ms to scan 1 urls, producing 4 keys and 9 values 
22:58:01:967  INFO 24396 --- [main] org.reflections.Reflections              : Reflections took 20 ms to scan 1 urls, producing 3 keys and 10 values 
22:58:01:975  WARN 24396 --- [main] org.reflections.Reflections              : given scan urls are empty. set urls in the configuration
22:58:01:990  INFO 24396 --- [main] org.reflections.Reflections              : Reflections took 12 ms to scan 1 urls, producing 1 keys and 5 values 
22:58:02:017  INFO 24396 --- [main] org.reflections.Reflections              : Reflections took 16 ms to scan 1 urls, producing 1 keys and 7 values 
22:58:02:035  INFO 24396 --- [main] org.reflections.Reflections              : Reflections took 10 ms to scan 1 urls, producing 2 keys and 8 values 
22:58:02:042  WARN 24396 --- [main] org.reflections.Reflections              : given scan urls are empty. set urls in the configuration
22:58:02:043  INFO 24396 --- [main] com.alibaba.nacos.common.remote.client   : [1a4ea795-f2fb-4575-9b1c-01291c3e996d] RpcClient init label, labels = {module=naming, source=sdk}
22:58:02:046  INFO 24396 --- [main] com.alibaba.nacos.common.remote.client   : [1a4ea795-f2fb-4575-9b1c-01291c3e996d] RpcClient init, ServerListFactory = com.alibaba.nacos.client.naming.core.ServerListManager
22:58:02:047  INFO 24396 --- [main] com.alibaba.nacos.common.remote.client   : [1a4ea795-f2fb-4575-9b1c-01291c3e996d] Registry connection listener to current client:com.alibaba.nacos.client.naming.remote.gprc.redo.NamingGrpcRedoService
22:58:02:048  INFO 24396 --- [main] com.alibaba.nacos.common.remote.client   : [1a4ea795-f2fb-4575-9b1c-01291c3e996d] Register server push request handler:com.alibaba.nacos.client.naming.remote.gprc.NamingPushRequestHandler
22:58:02:051  INFO 24396 --- [main] com.alibaba.nacos.common.remote.client   : [1a4ea795-f2fb-4575-9b1c-01291c3e996d] Try to connect to server on start up, server: {serverIp = '192.168.150.101', server main port = 8848}
22:58:04:084  INFO 24396 --- [main] com.alibaba.nacos.common.remote.client   : [1a4ea795-f2fb-4575-9b1c-01291c3e996d] Success to connect to server [192.168.150.101:8848] on start up, connectionId = 1749049083631_192.168.150.100_61288
22:58:04:085  INFO 24396 --- [com.alibaba.nacos.client.remote.worker] com.alibaba.nacos.common.remote.client   : [1a4ea795-f2fb-4575-9b1c-01291c3e996d] Notify connected event to listeners.
22:58:04:085  INFO 24396 --- [main] com.alibaba.nacos.common.remote.client   : [1a4ea795-f2fb-4575-9b1c-01291c3e996d] Register server push request handler:com.alibaba.nacos.common.remote.client.RpcClient$ConnectResetRequestHandler
22:58:04:086  INFO 24396 --- [main] com.alibaba.nacos.common.remote.client   : [1a4ea795-f2fb-4575-9b1c-01291c3e996d] Register server push request handler:com.alibaba.nacos.common.remote.client.RpcClient$$Lambda$1116/0x00000008008b0440
22:58:04:187  INFO 24396 --- [main] o.s.b.w.embedded.tomcat.TomcatWebServer  : Tomcat started on port(s): 8085 (http) with context path ''
22:58:04:209  INFO 24396 --- [main] c.a.c.n.registry.NacosServiceRegistry    : nacos registry, DEFAULT_GROUP trade-service 192.168.150.100:8085 register finished
22:58:04:744  INFO 24396 --- [nacos-grpc-client-executor-9] com.alibaba.nacos.common.remote.client   : [1a4ea795-f2fb-4575-9b1c-01291c3e996d] Receive server push request, request = NotifySubscriberRequest, requestId = 3
22:58:04:760  INFO 24396 --- [nacos-grpc-client-executor-9] com.alibaba.nacos.common.remote.client   : [1a4ea795-f2fb-4575-9b1c-01291c3e996d] Ack server push request, request = NotifySubscriberRequest, requestId = 3
22:58:05:503  INFO 24396 --- [main] o.s.cloud.commons.util.InetUtils         : Cannot determine local hostname
22:58:05:504  INFO 24396 --- [main] d.s.w.p.DocumentationPluginsBootstrapper : Documentation plugins bootstrapped
22:58:05:508  INFO 24396 --- [main] d.s.w.p.DocumentationPluginsBootstrapper : Found 1 custom documentation plugin(s)
22:58:05:537  INFO 24396 --- [main] s.d.s.w.s.ApiListingReferenceScanner     : Scanning for api listing references
22:58:05:675  INFO 24396 --- [main] com.hmall.trade.tradeApplication         : Started tradeApplication in 12.934 seconds (JVM running for 13.812)
23:12:03:493  WARN 24396 --- [Thread-7] c.a.n.common.http.HttpClientBeanHolder   : [HttpClientBeanHolder] Start destroying common HttpClient
23:12:03:493  WARN 24396 --- [Thread-4] c.a.nacos.common.notify.NotifyCenter     : [NotifyCenter] Start destroying Publisher
23:12:03:495  WARN 24396 --- [Thread-4] c.a.nacos.common.notify.NotifyCenter     : [NotifyCenter] Destruction of the end
23:12:03:495  WARN 24396 --- [Thread-7] c.a.n.common.http.HttpClientBeanHolder   : [HttpClientBeanHolder] Destruction of the end
23:12:03:779  INFO 24396 --- [SpringApplicationShutdownHook] c.a.c.n.registry.NacosServiceRegistry    : De-registering from Nacos Server now...
23:12:03:787  INFO 24396 --- [SpringApplicationShutdownHook] c.a.c.n.registry.NacosServiceRegistry    : De-registration finished.
23:12:04:099  INFO 24396 --- [SpringApplicationShutdownHook] com.alibaba.nacos.common.remote.client   : Shutdown rpc client, set status to shutdown
23:12:04:100  INFO 24396 --- [SpringApplicationShutdownHook] com.alibaba.nacos.common.remote.client   : Shutdown client event executor java.util.concurrent.ScheduledThreadPoolExecutor@28b2b2f0[Running, pool size = 2, active threads = 2, queued tasks = 0, completed tasks = 0]
23:12:04:102  INFO 24396 --- [SpringApplicationShutdownHook] com.alibaba.nacos.common.remote.client   : Close current connection 1749049083631_192.168.150.100_61288
23:12:04:110  INFO 24396 --- [nacos-grpc-client-executor-198] c.a.n.c.remote.client.grpc.GrpcClient    : [1749049083631_192.168.150.100_61288]Ignore complete event,isRunning:false,isAbandon=false
23:12:04:125  INFO 24396 --- [SpringApplicationShutdownHook] c.a.n.c.remote.client.grpc.GrpcClient    : Shutdown grpc executor java.util.concurrent.ThreadPoolExecutor@6dee026b[Running, pool size = 5, active threads = 0, queued tasks = 0, completed tasks = 199]
