13:22:28:538  INFO 16668 --- [main] com.hmall.item.ItemApplication           : Starting ItemApplication using Java 11.0.15.1 on DESKTOP-V78OUQH with PID 16668 (F:\develop\apache-maven-3.8.8\MAVEN_local_repository\org\springframework\boot\spring-boot-starter-parent\2.7.12\target\classes started by binbin in F:\projects\javaprojects\hmall)
13:22:28:541 DEBUG 16668 --- [main] com.hmall.item.ItemApplication           : Running with Spring Boot v2.7.12, Spring v5.3.27
13:22:28:542  INFO 16668 --- [main] com.hmall.item.ItemApplication           : The following 1 profile is active: "local"
13:22:29:012  INFO 16668 --- [main] .s.d.r.c.RepositoryConfigurationDelegate : Multiple Spring Data modules found, entering strict repository configuration mode
13:22:29:013  INFO 16668 --- [main] .s.d.r.c.RepositoryConfigurationDelegate : Bootstrapping Spring Data Redis repositories in DEFAULT mode.
13:22:29:026  INFO 16668 --- [main] .s.d.r.c.RepositoryConfigurationDelegate : Finished Spring Data repository scanning in 5 ms. Found 0 Redis repository interfaces.
13:22:29:140  INFO 16668 --- [main] o.s.cloud.context.scope.GenericScope     : BeanFactory id=32bdadcd-848c-3529-9c3c-082c59bd9498
13:22:29:344  INFO 16668 --- [main] o.s.b.w.embedded.tomcat.TomcatWebServer  : Tomcat initialized with port(s): 8081 (http)
13:22:29:349  INFO 16668 --- [main] o.apache.catalina.core.StandardService   : Starting service [Tomcat]
13:22:29:349  INFO 16668 --- [main] org.apache.catalina.core.StandardEngine  : Starting Servlet engine: [Apache Tomcat/9.0.75]
13:22:29:412  INFO 16668 --- [main] o.a.c.c.C.[Tomcat].[localhost].[/]       : Initializing Spring embedded WebApplicationContext
13:22:29:413  INFO 16668 --- [main] w.s.c.ServletWebServerApplicationContext : Root WebApplicationContext: initialization completed in 847 ms
13:22:31:578  INFO 16668 --- [main] o.s.cloud.commons.util.InetUtils         : Cannot determine local hostname
13:22:31:601  INFO 16668 --- [main] pertySourcedRequestMappingHandlerMapping : Mapped URL path [/v2/api-docs] onto method [springfox.documentation.swagger2.web.Swagger2ControllerWebMvc#getDocumentation(String, HttpServletRequest)]
13:22:32:975  INFO 16668 --- [main] o.s.cloud.commons.util.InetUtils         : Cannot determine local hostname
13:22:33:098  INFO 16668 --- [main] com.alibaba.nacos.common.remote.client   : [RpcClientFactory] create a new rpc client of 19395193-f1c7-4480-820c-5d8f2bfdb63f
13:22:33:147  INFO 16668 --- [main] org.reflections.Reflections              : Reflections took 16 ms to scan 1 urls, producing 3 keys and 6 values 
13:22:33:165  INFO 16668 --- [main] org.reflections.Reflections              : Reflections took 7 ms to scan 1 urls, producing 4 keys and 9 values 
13:22:33:174  INFO 16668 --- [main] org.reflections.Reflections              : Reflections took 6 ms to scan 1 urls, producing 3 keys and 10 values 
13:22:33:176  WARN 16668 --- [main] org.reflections.Reflections              : given scan urls are empty. set urls in the configuration
13:22:33:182  INFO 16668 --- [main] org.reflections.Reflections              : Reflections took 6 ms to scan 1 urls, producing 1 keys and 5 values 
13:22:33:191  INFO 16668 --- [main] org.reflections.Reflections              : Reflections took 6 ms to scan 1 urls, producing 1 keys and 7 values 
13:22:33:198  INFO 16668 --- [main] org.reflections.Reflections              : Reflections took 5 ms to scan 1 urls, producing 2 keys and 8 values 
13:22:33:202  WARN 16668 --- [main] org.reflections.Reflections              : given scan urls are empty. set urls in the configuration
13:22:33:203  INFO 16668 --- [main] com.alibaba.nacos.common.remote.client   : [19395193-f1c7-4480-820c-5d8f2bfdb63f] RpcClient init label, labels = {module=naming, source=sdk}
13:22:33:205  INFO 16668 --- [main] com.alibaba.nacos.common.remote.client   : [19395193-f1c7-4480-820c-5d8f2bfdb63f] RpcClient init, ServerListFactory = com.alibaba.nacos.client.naming.core.ServerListManager
13:22:33:205  INFO 16668 --- [main] com.alibaba.nacos.common.remote.client   : [19395193-f1c7-4480-820c-5d8f2bfdb63f] Registry connection listener to current client:com.alibaba.nacos.client.naming.remote.gprc.redo.NamingGrpcRedoService
13:22:33:205  INFO 16668 --- [main] com.alibaba.nacos.common.remote.client   : [19395193-f1c7-4480-820c-5d8f2bfdb63f] Register server push request handler:com.alibaba.nacos.client.naming.remote.gprc.NamingPushRequestHandler
13:22:33:206  INFO 16668 --- [main] com.alibaba.nacos.common.remote.client   : [19395193-f1c7-4480-820c-5d8f2bfdb63f] Try to connect to server on start up, server: {serverIp = '192.168.150.101', server main port = 8848}
13:22:34:250  INFO 16668 --- [main] com.alibaba.nacos.common.remote.client   : [19395193-f1c7-4480-820c-5d8f2bfdb63f] Success to connect to server [192.168.150.101:8848] on start up, connectionId = 1748582552057_192.168.150.100_50428
13:22:34:250  INFO 16668 --- [com.alibaba.nacos.client.remote.worker] com.alibaba.nacos.common.remote.client   : [19395193-f1c7-4480-820c-5d8f2bfdb63f] Notify connected event to listeners.
13:22:34:251  INFO 16668 --- [main] com.alibaba.nacos.common.remote.client   : [19395193-f1c7-4480-820c-5d8f2bfdb63f] Register server push request handler:com.alibaba.nacos.common.remote.client.RpcClient$ConnectResetRequestHandler
13:22:34:253  INFO 16668 --- [main] com.alibaba.nacos.common.remote.client   : [19395193-f1c7-4480-820c-5d8f2bfdb63f] Register server push request handler:com.alibaba.nacos.common.remote.client.RpcClient$$Lambda$1063/0x0000000800741c40
13:22:34:299  INFO 16668 --- [main] o.s.b.w.embedded.tomcat.TomcatWebServer  : Tomcat started on port(s): 8081 (http) with context path ''
13:22:34:307  INFO 16668 --- [main] c.a.c.n.registry.NacosServiceRegistry    : nacos registry, DEFAULT_GROUP item-service 192.168.150.100:8081 register finished
13:22:34:794  INFO 16668 --- [nacos-grpc-client-executor-10] com.alibaba.nacos.common.remote.client   : [19395193-f1c7-4480-820c-5d8f2bfdb63f] Receive server push request, request = NotifySubscriberRequest, requestId = 4
13:22:34:802  INFO 16668 --- [nacos-grpc-client-executor-10] com.alibaba.nacos.common.remote.client   : [19395193-f1c7-4480-820c-5d8f2bfdb63f] Ack server push request, request = NotifySubscriberRequest, requestId = 4
13:22:35:511  INFO 16668 --- [main] o.s.cloud.commons.util.InetUtils         : Cannot determine local hostname
13:22:35:511  INFO 16668 --- [main] d.s.w.p.DocumentationPluginsBootstrapper : Documentation plugins bootstrapped
13:22:35:514  INFO 16668 --- [main] d.s.w.p.DocumentationPluginsBootstrapper : Found 1 custom documentation plugin(s)
13:22:35:531  INFO 16668 --- [main] s.d.s.w.s.ApiListingReferenceScanner     : Scanning for api listing references
13:22:35:612  INFO 16668 --- [main] com.hmall.item.ItemApplication           : Started ItemApplication in 8.606 seconds (JVM running for 9.17)
13:23:27:140  INFO 16668 --- [http-nio-8081-exec-1] o.a.c.c.C.[Tomcat].[localhost].[/]       : Initializing Spring DispatcherServlet 'dispatcherServlet'
13:23:27:141  INFO 16668 --- [http-nio-8081-exec-1] o.s.web.servlet.DispatcherServlet        : Initializing Servlet 'dispatcherServlet'
13:23:27:142  INFO 16668 --- [http-nio-8081-exec-1] o.s.web.servlet.DispatcherServlet        : Completed initialization in 1 ms
13:23:27:220  INFO 16668 --- [http-nio-8081-exec-1] com.zaxxer.hikari.HikariDataSource       : HikariPool-1 - Starting...
13:23:27:458  INFO 16668 --- [http-nio-8081-exec-1] com.zaxxer.hikari.HikariDataSource       : HikariPool-1 - Start completed.
13:23:27:463 DEBUG 16668 --- [http-nio-8081-exec-1] c.h.i.mapper.ItemMapper.selectBatchIds   : ==>  Preparing: SELECT id,name,price,stock,image,category,brand,spec,sold,comment_count,isAD,status,create_time,update_time,creater,updater FROM item WHERE id IN ( ? )
13:23:27:477 DEBUG 16668 --- [http-nio-8081-exec-1] c.h.i.mapper.ItemMapper.selectBatchIds   : ==> Parameters: 100000006163(Long)
13:23:27:505 DEBUG 16668 --- [http-nio-8081-exec-1] c.h.i.mapper.ItemMapper.selectBatchIds   : <==      Total: 1
13:24:05:884  WARN 16668 --- [Thread-4] c.a.nacos.common.notify.NotifyCenter     : [NotifyCenter] Start destroying Publisher
13:24:05:874  WARN 16668 --- [Thread-7] c.a.n.common.http.HttpClientBeanHolder   : [HttpClientBeanHolder] Start destroying common HttpClient
13:24:05:885  WARN 16668 --- [Thread-4] c.a.nacos.common.notify.NotifyCenter     : [NotifyCenter] Destruction of the end
13:24:05:886  WARN 16668 --- [Thread-7] c.a.n.common.http.HttpClientBeanHolder   : [HttpClientBeanHolder] Destruction of the end
13:24:06:183  INFO 16668 --- [SpringApplicationShutdownHook] c.a.c.n.registry.NacosServiceRegistry    : De-registering from Nacos Server now...
13:24:06:190  INFO 16668 --- [SpringApplicationShutdownHook] c.a.c.n.registry.NacosServiceRegistry    : De-registration finished.
13:24:06:519  INFO 16668 --- [SpringApplicationShutdownHook] com.alibaba.nacos.common.remote.client   : Shutdown rpc client, set status to shutdown
13:24:06:519  INFO 16668 --- [SpringApplicationShutdownHook] com.alibaba.nacos.common.remote.client   : Shutdown client event executor java.util.concurrent.ScheduledThreadPoolExecutor@42e9d781[Running, pool size = 2, active threads = 2, queued tasks = 0, completed tasks = 0]
13:24:06:519  INFO 16668 --- [SpringApplicationShutdownHook] com.alibaba.nacos.common.remote.client   : Close current connection 1748582552057_192.168.150.100_50428
13:24:06:523  INFO 16668 --- [nacos-grpc-client-executor-36] c.a.n.c.remote.client.grpc.GrpcClient    : [1748582552057_192.168.150.100_50428]Ignore complete event,isRunning:false,isAbandon=false
13:24:06:529  INFO 16668 --- [SpringApplicationShutdownHook] c.a.n.c.remote.client.grpc.GrpcClient    : Shutdown grpc executor java.util.concurrent.ThreadPoolExecutor@63d1b6f3[Running, pool size = 6, active threads = 0, queued tasks = 0, completed tasks = 37]
13:24:06:536  INFO 16668 --- [SpringApplicationShutdownHook] com.zaxxer.hikari.HikariDataSource       : HikariPool-1 - Shutdown initiated...
13:24:06:605  INFO 16668 --- [SpringApplicationShutdownHook] com.zaxxer.hikari.HikariDataSource       : HikariPool-1 - Shutdown completed.
